<?xml version="1.0" encoding="UTF-8"?>
<!-- Generated by org.testng.reporters.JUnitXMLReporter -->
<testsuite ignored="0" hostname="Naveen" failures="1" tests="1" name="BankingApp Test" time="24.088" errors="0" timestamp="2024-07-01T12:13:54 IST">
  <testcase classname="com.inetbanking.testCases.TC_AddCustomerTest_003" name="addCustomer" time="11.831">
    <failure type="java.lang.AssertionError">
      <![CDATA[java.lang.AssertionError
at org.junit.Assert.fail(Assert.java:86)
at org.junit.Assert.assertTrue(Assert.java:41)
at org.junit.Assert.assertTrue(Assert.java:52)
at com.inetbanking.testCases.TC_AddCustomerTest_003.addCustomer(TC_AddCustomerTest_003.java:51)
at java.base/java.util.ArrayList.forEach(ArrayList.java:1511)
... Removed 27 stack frames]]>
    </failure>
  </testcase> <!-- addCustomer -->
</testsuite> <!-- BankingApp Test -->
